# JRE version: Java(TM) SE Runtime Environment Oracle GraalVM 21.0.7+8.1 (21.0.7+8) (build 21.0.7+8-LTS-jvmci-23.1-b60)
# Java VM: Java HotSpot(TM) 64-Bit Server VM Oracle GraalVM 21.0.7+8.1 (21.0.7+8-LTS-jvmci-23.1-b60, mixed mode, sharing, tiered, jvmci, jvmci compiler, compressed oops, compressed class ptrs, g1 gc, linux-amd64)
GC Precious Log:
 CardTable entry size: 512
 Card Set container configuration: InlinePtr #cards 4 size 8 Array Of Cards #cards 16 size 48 Howl #buckets 8 coarsen threshold 3686 Howl Bitmap #cards 512 size 80 coarsen threshold 460 Card regions per heap region 1 cards per card region 4096
 CPUs: 12 total, 12 available
 Memory: 15355M
 Large Page Support: Disabled
 NUMA Support: Disabled
 Compressed Oops: Enabled (Zero based)
 Heap Region Size: 2M
 Heap Min Capacity: 8M
 Heap Initial Capacity: 240M
 Heap Max Capacity: 3840M
 Pre-touch: Disabled
 Parallel Workers: 10
 Concurrent Workers: 3
 Concurrent Refinement Workers: 10
 Periodic GC: Disabled
Heap:
 garbage-first heap   total 247808K, used 172587K [0x0000000710000000, 0x0000000800000000)
  region size 2048K, 3 young (6144K), 1 survivors (2048K)
 Metaspace       used 14241K, committed 14528K, reserved 1114112K
  class space    used 1399K, committed 1536K, reserved 1048576K
GC Heap History (8 events):
Event: 0,519 GC heap before
{Heap before GC invocations=0 (full 0):
 garbage-first heap   total 247808K, used 86952K [0x0000000710000000, 0x0000000800000000)
  region size 2048K, 11 young (22528K), 0 survivors (0K)
 Metaspace       used 11729K, committed 11904K, reserved 1114112K
  class space    used 1134K, committed 1216K, reserved 1048576K
}
Event: 0,650 GC heap after
{Heap after GC invocations=1 (full 0):
 garbage-first heap   total 247808K, used 70100K [0x0000000710000000, 0x0000000800000000)
  region size 2048K, 2 young (4096K), 2 survivors (4096K)
 Metaspace       used 11729K, committed 11904K, reserved 1114112K
  class space    used 1134K, committed 1216K, reserved 1048576K
}
Event: 1,021 GC heap before
{Heap before GC invocations=1 (full 0):
 garbage-first heap   total 247808K, used 125396K [0x0000000710000000, 0x0000000800000000)
  region size 2048K, 17 young (34816K), 2 survivors (4096K)
 Metaspace       used 13129K, committed 13440K, reserved 1114112K
  class space    used 1294K, committed 1408K, reserved 1048576K
}
Event: 1,024 GC heap after
{Heap after GC invocations=2 (full 0):
 garbage-first heap   total 247808K, used 97998K [0x0000000710000000, 0x0000000800000000)
  region size 2048K, 1 young (2048K), 1 survivors (2048K)
 Metaspace       used 13129K, committed 13440K, reserved 1114112K
  class space    used 1294K, committed 1408K, reserved 1048576K
}
Event: 1,116 GC heap before
{Heap before GC invocations=2 (full 0):
 garbage-first heap   total 247808K, used 151246K [0x0000000710000000, 0x0000000800000000)
  region size 2048K, 15 young (30720K), 1 survivors (2048K)
 Metaspace       used 13156K, committed 13440K, reserved 1114112K
  class space    used 1295K, committed 1408K, reserved 1048576K
}
Event: 1,122 GC heap after
{Heap after GC invocations=3 (full 0):
 garbage-first heap   total 247808K, used 98787K [0x0000000710000000, 0x0000000800000000)
  region size 2048K, 6 young (12288K), 6 survivors (12288K)
 Metaspace       used 13156K, committed 13440K, reserved 1114112K
  class space    used 1295K, committed 1408K, reserved 1048576K
}
Event: 1,828 GC heap before
{Heap before GC invocations=3 (full 0):
 garbage-first heap   total 247808K, used 141795K [0x0000000710000000, 0x0000000800000000)
  region size 2048K, 10 young (20480K), 6 survivors (12288K)
 Metaspace       used 14237K, committed 14528K, reserved 1114112K
  class space    used 1399K, committed 1536K, reserved 1048576K
}
Event: 1,830 GC heap after
{Heap after GC invocations=4 (full 0):
 garbage-first heap   total 247808K, used 127531K [0x0000000710000000, 0x0000000800000000)
  region size 2048K, 1 young (2048K), 1 survivors (2048K)
 Metaspace       used 14237K, committed 14528K, reserved 1114112K
  class space    used 1399K, committed 1536K, reserved 1048576K
}

