# JRE version: Java(TM) SE Runtime Environment Oracle GraalVM 21.0.7+8.1 (21.0.7+8) (build 21.0.7+8-LTS-jvmci-23.1-b60)
# Java VM: Java HotSpot(TM) 64-Bit Server VM Oracle GraalVM 21.0.7+8.1 (21.0.7+8-LTS-jvmci-23.1-b60, mixed mode, sharing, tiered, jvmci, jvmci compiler, compressed oops, compressed class ptrs, g1 gc, linux-amd64)
GC Precious Log:
 CardTable entry size: 512
 Card Set container configuration: InlinePtr #cards 4 size 8 Array Of Cards #cards 16 size 48 Howl #buckets 8 coarsen threshold 3686 Howl Bitmap #cards 512 size 80 coarsen threshold 460 Card regions per heap region 1 cards per card region 4096
 CPUs: 12 total, 12 available
 Memory: 15355M
 Large Page Support: Disabled
 NUMA Support: Disabled
 Compressed Oops: Enabled (Zero based)
 Heap Region Size: 2M
 Heap Min Capacity: 8M
 Heap Initial Capacity: 240M
 Heap Max Capacity: 3840M
 Pre-touch: Disabled
 Parallel Workers: 10
 Concurrent Workers: 3
 Concurrent Refinement Workers: 10
 Periodic GC: Disabled
Heap:
 garbage-first heap   total 284672K, used 198376K [0x0000000710000000, 0x0000000800000000)
  region size 2048K, 4 young (8192K), 2 survivors (4096K)
 Metaspace       used 14247K, committed 14592K, reserved 1114112K
  class space    used 1399K, committed 1536K, reserved 1048576K
GC Heap History (8 events):
Event: 0,342 GC heap before
{Heap before GC invocations=0 (full 0):
 garbage-first heap   total 247808K, used 86952K [0x0000000710000000, 0x0000000800000000)
  region size 2048K, 11 young (22528K), 0 survivors (0K)
 Metaspace       used 12112K, committed 12352K, reserved 1114112K
  class space    used 1159K, committed 1280K, reserved 1048576K
}
Event: 0,345 GC heap after
{Heap after GC invocations=1 (full 0):
 garbage-first heap   total 247808K, used 70274K [0x0000000710000000, 0x0000000800000000)
  region size 2048K, 2 young (4096K), 2 survivors (4096K)
 Metaspace       used 12112K, committed 12352K, reserved 1114112K
  class space    used 1159K, committed 1280K, reserved 1048576K
}
Event: 0,451 GC heap before
{Heap before GC invocations=1 (full 0):
 garbage-first heap   total 247808K, used 125570K [0x0000000710000000, 0x0000000800000000)
  region size 2048K, 17 young (34816K), 2 survivors (4096K)
 Metaspace       used 13142K, committed 13504K, reserved 1114112K
  class space    used 1293K, committed 1472K, reserved 1048576K
}
Event: 0,453 GC heap after
{Heap after GC invocations=2 (full 0):
 garbage-first heap   total 247808K, used 97516K [0x0000000710000000, 0x0000000800000000)
  region size 2048K, 1 young (2048K), 1 survivors (2048K)
 Metaspace       used 13142K, committed 13504K, reserved 1114112K
  class space    used 1293K, committed 1472K, reserved 1048576K
}
Event: 0,568 GC heap before
{Heap before GC invocations=2 (full 0):
 garbage-first heap   total 247808K, used 150764K [0x0000000710000000, 0x0000000800000000)
  region size 2048K, 15 young (30720K), 1 survivors (2048K)
 Metaspace       used 13167K, committed 13504K, reserved 1114112K
  class space    used 1294K, committed 1472K, reserved 1048576K
}
Event: 0,592 GC heap after
{Heap after GC invocations=3 (full 0):
 garbage-first heap   total 247808K, used 124476K [0x0000000710000000, 0x0000000800000000)
  region size 2048K, 8 young (16384K), 8 survivors (16384K)
 Metaspace       used 13167K, committed 13504K, reserved 1114112K
  class space    used 1294K, committed 1472K, reserved 1048576K
}
Event: 1,159 GC heap before
{Heap before GC invocations=3 (full 0):
 garbage-first heap   total 247808K, used 167484K [0x0000000710000000, 0x0000000800000000)
  region size 2048K, 12 young (24576K), 8 survivors (16384K)
 Metaspace       used 14236K, committed 14592K, reserved 1114112K
  class space    used 1398K, committed 1536K, reserved 1048576K
}
Event: 1,160 GC heap after
{Heap after GC invocations=4 (full 0):
 garbage-first heap   total 247808K, used 149224K [0x0000000710000000, 0x0000000800000000)
  region size 2048K, 2 young (4096K), 2 survivors (4096K)
 Metaspace       used 14236K, committed 14592K, reserved 1114112K
  class space    used 1398K, committed 1536K, reserved 1048576K
}

