# JRE version: Java(TM) SE Runtime Environment Oracle GraalVM 21.0.7+8.1 (21.0.7+8) (build 21.0.7+8-LTS-jvmci-23.1-b60)
# Java VM: Java HotSpot(TM) 64-Bit Server VM Oracle GraalVM 21.0.7+8.1 (21.0.7+8-LTS-jvmci-23.1-b60, mixed mode, sharing, tiered, jvmci, jvmci compiler, compressed oops, compressed class ptrs, g1 gc, linux-amd64)
GC Precious Log:
 CardTable entry size: 512
 Card Set container configuration: InlinePtr #cards 4 size 8 Array Of Cards #cards 16 size 48 Howl #buckets 8 coarsen threshold 3686 Howl Bitmap #cards 512 size 80 coarsen threshold 460 Card regions per heap region 1 cards per card region 4096
 CPUs: 12 total, 12 available
 Memory: 15355M
 Large Page Support: Disabled
 NUMA Support: Disabled
 Compressed Oops: Enabled (Zero based)
 Heap Region Size: 2M
 Heap Min Capacity: 8M
 Heap Initial Capacity: 240M
 Heap Max Capacity: 3840M
 Pre-touch: Disabled
 Parallel Workers: 10
 Concurrent Workers: 3
 Concurrent Refinement Workers: 10
 Periodic GC: Disabled
Heap:
 garbage-first heap   total 311296K, used 251909K [0x0000000710000000, 0x0000000800000000)
  region size 2048K, 11 young (22528K), 7 survivors (14336K)
 Metaspace       used 14256K, committed 14592K, reserved 1114112K
  class space    used 1403K, committed 1536K, reserved 1048576K
GC Heap History (6 events):
Event: 0,277 GC heap before
{Heap before GC invocations=0 (full 0):
 garbage-first heap   total 247808K, used 86952K [0x0000000710000000, 0x0000000800000000)
  region size 2048K, 11 young (22528K), 0 survivors (0K)
 Metaspace       used 11671K, committed 11840K, reserved 1114112K
  class space    used 1119K, committed 1216K, reserved 1048576K
}
Event: 0,280 GC heap after
{Heap after GC invocations=1 (full 0):
 garbage-first heap   total 247808K, used 70074K [0x0000000710000000, 0x0000000800000000)
  region size 2048K, 2 young (4096K), 2 survivors (4096K)
 Metaspace       used 11671K, committed 11840K, reserved 1114112K
  class space    used 1119K, committed 1216K, reserved 1048576K
}
Event: 0,387 GC heap before
{Heap before GC invocations=1 (full 0):
 garbage-first heap   total 247808K, used 125370K [0x0000000710000000, 0x0000000800000000)
  region size 2048K, 17 young (34816K), 2 survivors (4096K)
 Metaspace       used 13157K, committed 13504K, reserved 1114112K
  class space    used 1299K, committed 1472K, reserved 1048576K
}
Event: 0,390 GC heap after
{Heap after GC invocations=2 (full 0):
 garbage-first heap   total 247808K, used 97591K [0x0000000710000000, 0x0000000800000000)
  region size 2048K, 1 young (2048K), 1 survivors (2048K)
 Metaspace       used 13157K, committed 13504K, reserved 1114112K
  class space    used 1299K, committed 1472K, reserved 1048576K
}
Event: 0,468 GC heap before
{Heap before GC invocations=2 (full 0):
 garbage-first heap   total 247808K, used 150839K [0x0000000710000000, 0x0000000800000000)
  region size 2048K, 15 young (30720K), 1 survivors (2048K)
 Metaspace       used 13181K, committed 13504K, reserved 1114112K
  class space    used 1300K, committed 1472K, reserved 1048576K
}
Event: 0,472 GC heap after
{Heap after GC invocations=3 (full 0):
 garbage-first heap   total 247808K, used 124933K [0x0000000710000000, 0x0000000800000000)
  region size 2048K, 7 young (14336K), 7 survivors (14336K)
 Metaspace       used 13181K, committed 13504K, reserved 1114112K
  class space    used 1300K, committed 1472K, reserved 1048576K
}

