# JRE version: Java(TM) SE Runtime Environment Oracle GraalVM 21.0.7+8.1 (21.0.7+8) (build 21.0.7+8-LTS-jvmci-23.1-b60)
# Java VM: Java HotSpot(TM) 64-Bit Server VM Oracle GraalVM 21.0.7+8.1 (21.0.7+8-LTS-jvmci-23.1-b60, mixed mode, sharing, tiered, jvmci, jvmci compiler, compressed oops, compressed class ptrs, g1 gc, linux-amd64)
GC Precious Log:
 CardTable entry size: 512
 Card Set container configuration: InlinePtr #cards 4 size 8 Array Of Cards #cards 16 size 48 Howl #buckets 8 coarsen threshold 3686 Howl Bitmap #cards 512 size 80 coarsen threshold 460 Card regions per heap region 1 cards per card region 4096
 CPUs: 12 total, 12 available
 Memory: 15355M
 Large Page Support: Disabled
 NUMA Support: Disabled
 Compressed Oops: Enabled (Zero based)
 Heap Region Size: 2M
 Heap Min Capacity: 8M
 Heap Initial Capacity: 240M
 Heap Max Capacity: 3840M
 Pre-touch: Disabled
 Parallel Workers: 10
 Concurrent Workers: 3
 Concurrent Refinement Workers: 10
 Periodic GC: Disabled
Heap:
 garbage-first heap   total 247808K, used 169689K [0x0000000710000000, 0x0000000800000000)
  region size 2048K, 2 young (4096K), 1 survivors (2048K)
 Metaspace       used 14238K, committed 14592K, reserved 1114112K
  class space    used 1399K, committed 1536K, reserved 1048576K
GC Heap History (8 events):
Event: 0,339 GC heap before
{Heap before GC invocations=0 (full 0):
 garbage-first heap   total 247808K, used 86952K [0x0000000710000000, 0x0000000800000000)
  region size 2048K, 11 young (22528K), 0 survivors (0K)
 Metaspace       used 11792K, committed 12032K, reserved 1114112K
  class space    used 1141K, committed 1280K, reserved 1048576K
}
Event: 0,343 GC heap after
{Heap after GC invocations=1 (full 0):
 garbage-first heap   total 247808K, used 70074K [0x0000000710000000, 0x0000000800000000)
  region size 2048K, 2 young (4096K), 2 survivors (4096K)
 Metaspace       used 11792K, committed 12032K, reserved 1114112K
  class space    used 1141K, committed 1280K, reserved 1048576K
}
Event: 0,465 GC heap before
{Heap before GC invocations=1 (full 0):
 garbage-first heap   total 247808K, used 125370K [0x0000000710000000, 0x0000000800000000)
  region size 2048K, 17 young (34816K), 2 survivors (4096K)
 Metaspace       used 13114K, committed 13440K, reserved 1114112K
  class space    used 1293K, committed 1408K, reserved 1048576K
}
Event: 0,467 GC heap after
{Heap after GC invocations=2 (full 0):
 garbage-first heap   total 247808K, used 97619K [0x0000000710000000, 0x0000000800000000)
  region size 2048K, 1 young (2048K), 1 survivors (2048K)
 Metaspace       used 13114K, committed 13440K, reserved 1114112K
  class space    used 1293K, committed 1408K, reserved 1048576K
}
Event: 0,553 GC heap before
{Heap before GC invocations=2 (full 0):
 garbage-first heap   total 247808K, used 150867K [0x0000000710000000, 0x0000000800000000)
  region size 2048K, 15 young (30720K), 1 survivors (2048K)
 Metaspace       used 13145K, committed 13440K, reserved 1114112K
  class space    used 1293K, committed 1408K, reserved 1048576K
}
Event: 0,557 GC heap after
{Heap after GC invocations=3 (full 0):
 garbage-first heap   total 247808K, used 98221K [0x0000000710000000, 0x0000000800000000)
  region size 2048K, 7 young (14336K), 7 survivors (14336K)
 Metaspace       used 13145K, committed 13440K, reserved 1114112K
  class space    used 1293K, committed 1408K, reserved 1048576K
}
Event: 1,014 GC heap before
{Heap before GC invocations=3 (full 0):
 garbage-first heap   total 247808K, used 141229K [0x0000000710000000, 0x0000000800000000)
  region size 2048K, 11 young (22528K), 7 survivors (14336K)
 Metaspace       used 14229K, committed 14592K, reserved 1114112K
  class space    used 1398K, committed 1536K, reserved 1048576K
}
Event: 1,014 GC heap after
{Heap after GC invocations=4 (full 0):
 garbage-first heap   total 247808K, used 124633K [0x0000000710000000, 0x0000000800000000)
  region size 2048K, 1 young (2048K), 1 survivors (2048K)
 Metaspace       used 14229K, committed 14592K, reserved 1114112K
  class space    used 1398K, committed 1536K, reserved 1048576K
}

